0x55d7549fdfc0 [label="fa"]
0x55d7549fdfc0,0x55d7549fe080
0x55d7549fe080 [label="="]
0x55d7549fe080,0x55d7549fe020
0x55d7549fe020 [label="a"]
0x55d7549fe080,0x55d7549fe0e0
0x55d7549fe0e0 [label="1"]
0x55d7549fe080,0x55d7549fe230
0x55d7549fe230 [label="="]
0x55d7549fe230,0x55d7549fe1d0
0x55d7549fe1d0 [label="a"]
0x55d7549fe230,0x55d7549fe290
0x55d7549fe290 [label="2"]
0x55d7549fe230,0x55d7549fe3c0
0x55d7549fe3c0 [label="="]
0x55d7549fe3c0,0x55d7549fe360
0x55d7549fe360 [label="a"]
0x55d7549fe3c0,0x55d7549fe420
0x55d7549fe420 [label="3"]
0x55d7549fe3c0,0x55d7549fe550
0x55d7549fe550 [label="="]
0x55d7549fe550,0x55d7549fe4f0
0x55d7549fe4f0 [label="a"]
0x55d7549fe550,0x55d7549fe5b0
0x55d7549fe5b0 [label="4"]
