0x55a59a989fc0 [label="g"]
0x55a59a989fc0,0x55a59a98a020
0x55a59a98a020 [label="f"]
0x55a59a98a020,0x55a59a98a080
0x55a59a98a080 [label="call g"]
0x55a59a98a080,0x55a59a98a140
0x55a59a98a140 [label="+"]
0x55a59a98a140,0x55a59a98a0e0
0x55a59a98a0e0 [label="a"]
0x55a59a98a140,0x55a59a98a1a0
0x55a59a98a1a0 [label="b"]
0x55a59a98a140,0x55a59a98a2f0
0x55a59a98a2f0 [label="+"]
0x55a59a98a2f0,0x55a59a98a290
0x55a59a98a290 [label="a"]
0x55a59a98a2f0,0x55a59a98a3b0
0x55a59a98a3b0 [label="*"]
0x55a59a98a3b0,0x55a59a98a350
0x55a59a98a350 [label="b"]
0x55a59a98a3b0,0x55a59a98a410
0x55a59a98a410 [label="c"]
0x55a59a98a2f0,0x55a59a98a670
0x55a59a98a670 [label="+"]
0x55a59a98a670,0x55a59a98a5b0
0x55a59a98a5b0 [label="+"]
0x55a59a98a5b0,0x55a59a98a550
0x55a59a98a550 [label="b"]
0x55a59a98a5b0,0x55a59a98a610
0x55a59a98a610 [label="c"]
0x55a59a98a670,0x55a59a98a740
0x55a59a98a740 [label="a"]
