0x562a57127fc0 [label="f"]
0x562a57127fc0,0x562a57128080
0x562a57128080 [label="<="]
0x562a57128080,0x562a57128020
0x562a57128020 [label="c"]
0x562a57128080,0x562a571280e0
0x562a571280e0 [label="3"]
0x562a57128080,0x562a57128230
0x562a57128230 [label="<="]
0x562a57128230,0x562a571281d0
0x562a571281d0 [label="e"]
0x562a57128230,0x562a57128290
0x562a57128290 [label="4"]
0x562a57128080,0x562a57128410
0x562a57128410 [label="="]
0x562a57128410,0x562a571283b0
0x562a571283b0 [label="a"]
0x562a57128410,0x562a57128470
0x562a57128470 [label="3"]
0x562a57128410,0x562a57128530
0x562a57128530 [label="return"]
0x562a57128530,0x562a57128590
0x562a57128590 [label="10"]
