0x55df7ee2cfc0 [label="g"]
0x55df7ee2cfc0,0x55df7ee2d020
0x55df7ee2d020 [label="f"]
0x55df7ee2d020,0x55df7ee2d0e0
0x55df7ee2d0e0 [label="="]
0x55df7ee2d0e0,0x55df7ee2d080
0x55df7ee2d080 [label="a"]
0x55df7ee2d0e0,0x55df7ee2d140
0x55df7ee2d140 [label="1"]
0x55df7ee2d0e0,0x55df7ee2d290
0x55df7ee2d290 [label="="]
0x55df7ee2d290,0x55df7ee2d230
0x55df7ee2d230 [label="b"]
0x55df7ee2d290,0x55df7ee2d2f0
0x55df7ee2d2f0 [label="2"]
0x55df7ee2d290,0x55df7ee2d420
0x55df7ee2d420 [label="="]
0x55df7ee2d420,0x55df7ee2d3c0
0x55df7ee2d3c0 [label="c"]
0x55df7ee2d420,0x55df7ee2d480
0x55df7ee2d480 [label="3"]
0x55df7ee2d420,0x55df7ee2d550
0x55df7ee2d550 [label="call g"]
0x55df7ee2d550,0x55df7ee2d5b0
0x55df7ee2d5b0 [label="a"]
0x55df7ee2d5b0,0x55df7ee2d610
0x55df7ee2d610 [label="b"]
0x55df7ee2d610,0x55df7ee2d670
0x55df7ee2d670 [label="c"]
