0x55b004348fc0 [label="f"]
0x55b004348fc0,0x55b004349080
0x55b004349080 [label="="]
0x55b004349080,0x55b004349020
0x55b004349020 [label="z"]
0x55b004349080,0x55b0043493f0
0x55b0043493f0 [label="/"]
0x55b0043493f0,0x55b0043492a0
0x55b0043492a0 [label="%"]
0x55b0043492a0,0x55b0043491a0
0x55b0043491a0 [label="*"]
0x55b0043491a0,0x55b0043490e0
0x55b0043490e0 [label="!"]
0x55b0043490e0,0x55b004349140
0x55b004349140 [label="a"]
0x55b0043491a0,0x55b004349240
0x55b004349240 [label="b"]
0x55b0043492a0,0x55b004349390
0x55b004349390 [label="c"]
0x55b0043493f0,0x55b0043494c0
0x55b0043494c0 [label="d"]
