0x55dc6de6ffc0 [label="f"]
0x55dc6de6ffc0,0x55dc6de70080
0x55dc6de70080 [label="="]
0x55dc6de70080,0x55dc6de70020
0x55dc6de70020 [label="z"]
0x55dc6de70080,0x55dc6de702c0
0x55dc6de702c0 [label="+"]
0x55dc6de702c0,0x55dc6de70140
0x55dc6de70140 [label="+"]
0x55dc6de70140,0x55dc6de700e0
0x55dc6de700e0 [label="a"]
0x55dc6de70140,0x55dc6de70200
0x55dc6de70200 [label="*"]
0x55dc6de70200,0x55dc6de701a0
0x55dc6de701a0 [label="b"]
0x55dc6de70200,0x55dc6de70260
0x55dc6de70260 [label="c"]
0x55dc6de702c0,0x55dc6de70480
0x55dc6de70480 [label="*"]
0x55dc6de70480,0x55dc6de70420
0x55dc6de70420 [label="d"]
0x55dc6de70480,0x55dc6de704e0
0x55dc6de704e0 [label="e"]
