0x55b1144bffc0 [label="f"]
0x55b1144bffc0,0x55b1144c0080
0x55b1144c0080 [label="="]
0x55b1144c0080,0x55b1144c0020
0x55b1144c0020 [label="z"]
0x55b1144c0080,0x55b1144c0480
0x55b1144c0480 [label=">="]
0x55b1144c0480,0x55b1144c0350
0x55b1144c0350 [label=">"]
0x55b1144c0350,0x55b1144c0200
0x55b1144c0200 [label="<"]
0x55b1144c0200,0x55b1144c0140
0x55b1144c0140 [label="<="]
0x55b1144c0140,0x55b1144c00e0
0x55b1144c00e0 [label="a"]
0x55b1144c0140,0x55b1144c01a0
0x55b1144c01a0 [label="b"]
0x55b1144c0200,0x55b1144c02f0
0x55b1144c02f0 [label="c"]
0x55b1144c0350,0x55b1144c0420
0x55b1144c0420 [label="d"]
0x55b1144c0480,0x55b1144c0550
0x55b1144c0550 [label="e"]
