0x5637edd97fc0 [label="f"]
0x5637edd97fc0,0x5637edd98080
0x5637edd98080 [label="="]
0x5637edd98080,0x5637edd98020
0x5637edd98020 [label="z"]
0x5637edd98080,0x5637edd98350
0x5637edd98350 [label="!="]
0x5637edd98350,0x5637edd98200
0x5637edd98200 [label="=="]
0x5637edd98200,0x5637edd98140
0x5637edd98140 [label="<="]
0x5637edd98140,0x5637edd980e0
0x5637edd980e0 [label="a"]
0x5637edd98140,0x5637edd981a0
0x5637edd981a0 [label="b"]
0x5637edd98200,0x5637edd982f0
0x5637edd982f0 [label="c"]
0x5637edd98350,0x5637edd98480
0x5637edd98480 [label=">"]
0x5637edd98480,0x5637edd98420
0x5637edd98420 [label="d"]
0x5637edd98480,0x5637edd984e0
0x5637edd984e0 [label="e"]
