0x55a30fc40fc0 [label="f"]
0x55a30fc40fc0,0x55a30fc41080
0x55a30fc41080 [label="="]
0x55a30fc41080,0x55a30fc41020
0x55a30fc41020 [label="z"]
0x55a30fc41080,0x55a30fc41470
0x55a30fc41470 [label="||"]
0x55a30fc41470,0x55a30fc41200
0x55a30fc41200 [label="||"]
0x55a30fc41200,0x55a30fc41140
0x55a30fc41140 [label="&&"]
0x55a30fc41140,0x55a30fc410e0
0x55a30fc410e0 [label="a"]
0x55a30fc41140,0x55a30fc411a0
0x55a30fc411a0 [label="b"]
0x55a30fc41200,0x55a30fc41350
0x55a30fc41350 [label="=="]
0x55a30fc41350,0x55a30fc412f0
0x55a30fc412f0 [label="c"]
0x55a30fc41350,0x55a30fc413b0
0x55a30fc413b0 [label="!"]
0x55a30fc413b0,0x55a30fc41410
0x55a30fc41410 [label="d"]
0x55a30fc41470,0x55a30fc41650
0x55a30fc41650 [label="&&"]
0x55a30fc41650,0x55a30fc415f0
0x55a30fc415f0 [label="e"]
0x55a30fc41650,0x55a30fc416b0
0x55a30fc416b0 [label="f"]
