0x55c83bc38fc0 [label="f"]
0x55c83bc38fc0,0x55c83bc39020
0x55c83bc39020 [label="if"]
0x55c83bc39020,0x55c83bc39080
0x55c83bc39080 [label="a"]
0x55c83bc39020,0x55c83bc39140
0x55c83bc39140 [label="="]
0x55c83bc39140,0x55c83bc390e0
0x55c83bc390e0 [label="a"]
0x55c83bc39140,0x55c83bc391a0
0x55c83bc391a0 [label="b"]
0x55c83bc39020,0x55c83bc392f0
0x55c83bc392f0 [label="="]
0x55c83bc392f0,0x55c83bc39290
0x55c83bc39290 [label="a"]
0x55c83bc392f0,0x55c83bc39350
0x55c83bc39350 [label="3"]
0x55c83bc392f0,0x55c83bc39480
0x55c83bc39480 [label="="]
0x55c83bc39480,0x55c83bc39420
0x55c83bc39420 [label="b"]
0x55c83bc39480,0x55c83bc394e0
0x55c83bc394e0 [label="a"]
