0x561027dcafc0 [label="f"]
0x561027dcafc0,0x561027dcb020
0x561027dcb020 [label="if"]
0x561027dcb020,0x561027dcb080
0x561027dcb080 [label="a"]
0x561027dcb020,0x561027dcb140
0x561027dcb140 [label="="]
0x561027dcb140,0x561027dcb0e0
0x561027dcb0e0 [label="a"]
0x561027dcb140,0x561027dcb1a0
0x561027dcb1a0 [label="b"]
0x561027dcb140,0x561027dcb2f0
0x561027dcb2f0 [label="="]
0x561027dcb2f0,0x561027dcb290
0x561027dcb290 [label="b"]
0x561027dcb2f0,0x561027dcb350
0x561027dcb350 [label="a"]
0x561027dcb020,0x561027dcb530
0x561027dcb530 [label="="]
0x561027dcb530,0x561027dcb4d0
0x561027dcb4d0 [label="c"]
0x561027dcb530,0x561027dcb590
0x561027dcb590 [label="2"]
0x561027dcb530,0x561027dcb6c0
0x561027dcb6c0 [label="="]
0x561027dcb6c0,0x561027dcb660
0x561027dcb660 [label="c"]
0x561027dcb6c0,0x561027dcb720
0x561027dcb720 [label="4"]
