0x5600c9bc3fc0 [label="f"]
0x5600c9bc3fc0,0x5600c9bc4020
0x5600c9bc4020 [label="if"]
0x5600c9bc4020,0x5600c9bc4080
0x5600c9bc4080 [label="a"]
0x5600c9bc4020,0x5600c9bc4140
0x5600c9bc4140 [label="="]
0x5600c9bc4140,0x5600c9bc40e0
0x5600c9bc40e0 [label="a"]
0x5600c9bc4140,0x5600c9bc41a0
0x5600c9bc41a0 [label="b"]
0x5600c9bc4020,0x5600c9bc42f0
0x5600c9bc42f0 [label="="]
0x5600c9bc42f0,0x5600c9bc4290
0x5600c9bc4290 [label="a"]
0x5600c9bc42f0,0x5600c9bc4350
0x5600c9bc4350 [label="3"]
0x5600c9bc4020,0x5600c9bc4540
0x5600c9bc4540 [label="="]
0x5600c9bc4540,0x5600c9bc44e0
0x5600c9bc44e0 [label="c"]
0x5600c9bc4540,0x5600c9bc45a0
0x5600c9bc45a0 [label="4"]
0x5600c9bc4540,0x5600c9bc46c0
0x5600c9bc46c0 [label="="]
0x5600c9bc46c0,0x5600c9bc4660
0x5600c9bc4660 [label="c"]
0x5600c9bc46c0,0x5600c9bc4720
0x5600c9bc4720 [label="5"]
