0x56222acacfc0 [label="f"]
0x56222acacfc0,0x56222acad080
0x56222acad080 [label="="]
0x56222acad080,0x56222acad020
0x56222acad020 [label="z"]
0x56222acad080,0x56222acad8e0
0x56222acad8e0 [label="[]"]
0x56222acad8e0,0x56222acad0e0
0x56222acad0e0 [label="v"]
0x56222acad8e0,0x56222acad530
0x56222acad530 [label="^"]
0x56222acad530,0x56222acad740
0x56222acad740 [label="*"]
0x56222acad740,0x56222acad6e0
0x56222acad6e0 [label="c"]
0x56222acad740,0x56222acad7a0
0x56222acad7a0 [label="d"]
0x56222acad530,0x56222acad260
0x56222acad260 [label="^"]
0x56222acad260,0x56222acad3b0
0x56222acad3b0 [label="+"]
0x56222acad3b0,0x56222acad350
0x56222acad350 [label="b"]
0x56222acad3b0,0x56222acad470
0x56222acad470 [label="*"]
0x56222acad470,0x56222acad410
0x56222acad410 [label="bb"]
0x56222acad470,0x56222acad4d0
0x56222acad4d0 [label="bbb"]
0x56222acad260,0x56222acad1a0
0x56222acad1a0 [label="+"]
0x56222acad1a0,0x56222acad140
0x56222acad140 [label="a"]
0x56222acad1a0,0x56222acad200
0x56222acad200 [label="aa"]
