0x55fc8124afc0 [label="f"]
0x55fc8124afc0,0x55fc8124b020
0x55fc8124b020 [label="while"]
0x55fc8124b020,0x55fc8124b080
0x55fc8124b080 [label="i"]
0x55fc8124b020,0x55fc8124b140
0x55fc8124b140 [label="="]
0x55fc8124b140,0x55fc8124b0e0
0x55fc8124b0e0 [label="i"]
0x55fc8124b140,0x55fc8124b1a0
0x55fc8124b1a0 [label="2"]
0x55fc8124b020,0x55fc8124b360
0x55fc8124b360 [label="="]
0x55fc8124b360,0x55fc8124b300
0x55fc8124b300 [label="i"]
0x55fc8124b360,0x55fc8124b3c0
0x55fc8124b3c0 [label="3"]
0x55fc8124b360,0x55fc8124b4f0
0x55fc8124b4f0 [label="="]
0x55fc8124b4f0,0x55fc8124b490
0x55fc8124b490 [label="i"]
0x55fc8124b4f0,0x55fc8124b550
0x55fc8124b550 [label="4"]
