0x55e757b0efc0 [label="f"]
0x55e757b0efc0,0x55e757b0f080
0x55e757b0f080 [label="="]
0x55e757b0f080,0x55e757b0f020
0x55e757b0f020 [label="a"]
0x55e757b0f080,0x55e757b0f410
0x55e757b0f410 [label="-"]
0x55e757b0f410,0x55e757b0f140
0x55e757b0f140 [label="+"]
0x55e757b0f140,0x55e757b0f0e0
0x55e757b0f0e0 [label="b"]
0x55e757b0f140,0x55e757b0f2c0
0x55e757b0f2c0 [label="/"]
0x55e757b0f2c0,0x55e757b0f200
0x55e757b0f200 [label="*"]
0x55e757b0f200,0x55e757b0f1a0
0x55e757b0f1a0 [label="c"]
0x55e757b0f200,0x55e757b0f260
0x55e757b0f260 [label="d"]
0x55e757b0f2c0,0x55e757b0f3b0
0x55e757b0f3b0 [label="e"]
0x55e757b0f410,0x55e757b0f550
0x55e757b0f550 [label="f"]
