0x559bdf154fc0 [label="f"]
0x559bdf154fc0,0x559bdf155080
0x559bdf155080 [label="="]
0x559bdf155080,0x559bdf155020
0x559bdf155020 [label="x"]
0x559bdf155080,0x559bdf155140
0x559bdf155140 [label="-"]
0x559bdf155140,0x559bdf1550e0
0x559bdf1550e0 [label="a"]
0x559bdf155140,0x559bdf155200
0x559bdf155200 [label="*"]
0x559bdf155200,0x559bdf1551a0
0x559bdf1551a0 [label="b"]
0x559bdf155200,0x559bdf155260
0x559bdf155260 [label="c"]
0x559bdf155080,0x559bdf155490
0x559bdf155490 [label="="]
0x559bdf155490,0x559bdf155430
0x559bdf155430 [label="y"]
0x559bdf155490,0x559bdf155610
0x559bdf155610 [label="+"]
0x559bdf155610,0x559bdf155550
0x559bdf155550 [label="/"]
0x559bdf155550,0x559bdf1554f0
0x559bdf1554f0 [label="d"]
0x559bdf155550,0x559bdf1555b0
0x559bdf1555b0 [label="e"]
0x559bdf155610,0x559bdf1556e0
0x559bdf1556e0 [label="f"]
0x559bdf155490,0x559bdf155880
0x559bdf155880 [label="="]
0x559bdf155880,0x559bdf155820
0x559bdf155820 [label="z"]
0x559bdf155880,0x559bdf155a70
0x559bdf155a70 [label="/"]
0x559bdf155a70,0x559bdf155940
0x559bdf155940 [label="-"]
0x559bdf155940,0x559bdf1558e0
0x559bdf1558e0 [label="g"]
0x559bdf155940,0x559bdf1559a0
0x559bdf1559a0 [label="h"]
0x559bdf155a70,0x559bdf155ad0
0x559bdf155ad0 [label="i"]
0x559bdf155880,0x559bdf155c70
0x559bdf155c70 [label="="]
0x559bdf155c70,0x559bdf155c10
0x559bdf155c10 [label="w"]
0x559bdf155c70,0x559bdf155d30
0x559bdf155d30 [label="*"]
0x559bdf155d30,0x559bdf155cd0
0x559bdf155cd0 [label="j"]
0x559bdf155d30,0x559bdf155df0
0x559bdf155df0 [label="+"]
0x559bdf155df0,0x559bdf155d90
0x559bdf155d90 [label="k"]
0x559bdf155df0,0x559bdf155e50
0x559bdf155e50 [label="l"]
