0x55baf1e1afc0 [label="f"]
0x55baf1e1afc0,0x55baf1e1b080
0x55baf1e1b080 [label="="]
0x55baf1e1b080,0x55baf1e1b020
0x55baf1e1b020 [label="x"]
0x55baf1e1b080,0x55baf1e1b480
0x55baf1e1b480 [label="-"]
0x55baf1e1b480,0x55baf1e1b350
0x55baf1e1b350 [label="-"]
0x55baf1e1b350,0x55baf1e1b200
0x55baf1e1b200 [label="+"]
0x55baf1e1b200,0x55baf1e1b140
0x55baf1e1b140 [label="+"]
0x55baf1e1b140,0x55baf1e1b0e0
0x55baf1e1b0e0 [label="a"]
0x55baf1e1b140,0x55baf1e1b1a0
0x55baf1e1b1a0 [label="b"]
0x55baf1e1b200,0x55baf1e1b2f0
0x55baf1e1b2f0 [label="c"]
0x55baf1e1b350,0x55baf1e1b420
0x55baf1e1b420 [label="d"]
0x55baf1e1b480,0x55baf1e1b550
0x55baf1e1b550 [label="e"]
0x55baf1e1b080,0x55baf1e1b6f0
0x55baf1e1b6f0 [label="="]
0x55baf1e1b6f0,0x55baf1e1b690
0x55baf1e1b690 [label="y"]
0x55baf1e1b6f0,0x55baf1e1bad0
0x55baf1e1bad0 [label="/"]
0x55baf1e1bad0,0x55baf1e1b9a0
0x55baf1e1b9a0 [label="/"]
0x55baf1e1b9a0,0x55baf1e1b870
0x55baf1e1b870 [label="*"]
0x55baf1e1b870,0x55baf1e1b7b0
0x55baf1e1b7b0 [label="*"]
0x55baf1e1b7b0,0x55baf1e1b750
0x55baf1e1b750 [label="f"]
0x55baf1e1b7b0,0x55baf1e1b810
0x55baf1e1b810 [label="g"]
0x55baf1e1b870,0x55baf1e1b940
0x55baf1e1b940 [label="h"]
0x55baf1e1b9a0,0x55baf1e1ba70
0x55baf1e1ba70 [label="i"]
0x55baf1e1bad0,0x55baf1e1bba0
0x55baf1e1bba0 [label="j"]
0x55baf1e1b6f0,0x55baf1e1bd40
0x55baf1e1bd40 [label="="]
0x55baf1e1bd40,0x55baf1e1bce0
0x55baf1e1bce0 [label="z"]
0x55baf1e1bd40,0x55baf1e1c120
0x55baf1e1c120 [label="+"]
0x55baf1e1c120,0x55baf1e1bff0
0x55baf1e1bff0 [label="+"]
0x55baf1e1bff0,0x55baf1e1bec0
0x55baf1e1bec0 [label="*"]
0x55baf1e1bec0,0x55baf1e1be00
0x55baf1e1be00 [label="*"]
0x55baf1e1be00,0x55baf1e1bda0
0x55baf1e1bda0 [label="k"]
0x55baf1e1be00,0x55baf1e1be60
0x55baf1e1be60 [label="l"]
0x55baf1e1bec0,0x55baf1e1bf90
0x55baf1e1bf90 [label="m"]
0x55baf1e1bff0,0x55baf1e1c0c0
0x55baf1e1c0c0 [label="n"]
0x55baf1e1c120,0x55baf1e1c1f0
0x55baf1e1c1f0 [label="o"]
