0x55fbda728fc0 [label="f"]
0x55fbda728fc0,0x55fbda729080
0x55fbda729080 [label="="]
0x55fbda729080,0x55fbda729020
0x55fbda729020 [label="x"]
0x55fbda729080,0x55fbda729140
0x55fbda729140 [label="+"]
0x55fbda729140,0x55fbda7290e0
0x55fbda7290e0 [label="a"]
0x55fbda729140,0x55fbda729200
0x55fbda729200 [label="*"]
0x55fbda729200,0x55fbda7291a0
0x55fbda7291a0 [label="b"]
0x55fbda729200,0x55fbda729260
0x55fbda729260 [label="c"]
0x55fbda729080,0x55fbda729490
0x55fbda729490 [label="="]
0x55fbda729490,0x55fbda729430
0x55fbda729430 [label="y"]
0x55fbda729490,0x55fbda729610
0x55fbda729610 [label="-"]
0x55fbda729610,0x55fbda729550
0x55fbda729550 [label="/"]
0x55fbda729550,0x55fbda7294f0
0x55fbda7294f0 [label="d"]
0x55fbda729550,0x55fbda7295b0
0x55fbda7295b0 [label="e"]
0x55fbda729610,0x55fbda7296e0
0x55fbda7296e0 [label="f"]
0x55fbda729490,0x55fbda729880
0x55fbda729880 [label="="]
0x55fbda729880,0x55fbda729820
0x55fbda729820 [label="z"]
0x55fbda729880,0x55fbda729a70
0x55fbda729a70 [label="*"]
0x55fbda729a70,0x55fbda729940
0x55fbda729940 [label="+"]
0x55fbda729940,0x55fbda7298e0
0x55fbda7298e0 [label="g"]
0x55fbda729940,0x55fbda7299a0
0x55fbda7299a0 [label="h"]
0x55fbda729a70,0x55fbda729ad0
0x55fbda729ad0 [label="i"]
0x55fbda729880,0x55fbda729c70
0x55fbda729c70 [label="="]
0x55fbda729c70,0x55fbda729c10
0x55fbda729c10 [label="w"]
0x55fbda729c70,0x55fbda729d30
0x55fbda729d30 [label="/"]
0x55fbda729d30,0x55fbda729cd0
0x55fbda729cd0 [label="j"]
0x55fbda729d30,0x55fbda729df0
0x55fbda729df0 [label="-"]
0x55fbda729df0,0x55fbda729d90
0x55fbda729d90 [label="k"]
0x55fbda729df0,0x55fbda729e50
0x55fbda729e50 [label="l"]
