0x55f4cadcafc0 [label="k"]
0x55f4cadcafc0,0x55f4cadcb020
0x55f4cadcb020 [label="f"]
0x55f4cadcb020,0x55f4cadcb080
0x55f4cadcb080 [label="call k"]
0x55f4cadcb080,0x55f4cadcb140
0x55f4cadcb140 [label="+"]
0x55f4cadcb140,0x55f4cadcb0e0
0x55f4cadcb0e0 [label="10"]
0x55f4cadcb140,0x55f4cadcb1a0
0x55f4cadcb1a0 [label="11"]
0x55f4cadcb140,0x55f4cadcb2f0
0x55f4cadcb2f0 [label="+"]
0x55f4cadcb2f0,0x55f4cadcb290
0x55f4cadcb290 [label="20"]
0x55f4cadcb2f0,0x55f4cadcb350
0x55f4cadcb350 [label="21"]
0x55f4cadcb2f0,0x55f4cadcb480
0x55f4cadcb480 [label="+"]
0x55f4cadcb480,0x55f4cadcb420
0x55f4cadcb420 [label="30"]
0x55f4cadcb480,0x55f4cadcb4e0
0x55f4cadcb4e0 [label="31"]
