0x55b44d6b0fc0 [label="f"]
0x55b44d6b0fc0,0x55b44d6b1080
0x55b44d6b1080 [label="="]
0x55b44d6b1080,0x55b44d6b1020
0x55b44d6b1020 [label="c"]
0x55b44d6b1080,0x55b44d6b10e0
0x55b44d6b10e0 [label="2"]
0x55b44d6b1080,0x55b44d6b1490
0x55b44d6b1490 [label="="]
0x55b44d6b1490,0x55b44d6b13c0
0x55b44d6b13c0 [label="[]"]
0x55b44d6b13c0,0x55b44d6b11d0
0x55b44d6b11d0 [label="a"]
0x55b44d6b13c0,0x55b44d6b1290
0x55b44d6b1290 [label="+"]
0x55b44d6b1290,0x55b44d6b1230
0x55b44d6b1230 [label="c"]
0x55b44d6b1290,0x55b44d6b12f0
0x55b44d6b12f0 [label="c"]
0x55b44d6b1490,0x55b44d6b14f0
0x55b44d6b14f0 [label="2"]
