0x55abe9a9efc0 [label="f"]
0x55abe9a9efc0,0x55abe9a9f1d0
0x55abe9a9f1d0 [label="="]
0x55abe9a9f1d0,0x55abe9a9f0e0
0x55abe9a9f0e0 [label="[]"]
0x55abe9a9f0e0,0x55abe9a9f020
0x55abe9a9f020 [label="c"]
0x55abe9a9f0e0,0x55abe9a9f080
0x55abe9a9f080 [label="5"]
0x55abe9a9f1d0,0x55abe9a9f460
0x55abe9a9f460 [label="+"]
0x55abe9a9f460,0x55abe9a9f290
0x55abe9a9f290 [label="*"]
0x55abe9a9f290,0x55abe9a9f230
0x55abe9a9f230 [label="3"]
0x55abe9a9f290,0x55abe9a9f2f0
0x55abe9a9f2f0 [label="call f"]
0x55abe9a9f2f0,0x55abe9a9f350
0x55abe9a9f350 [label="a"]
0x55abe9a9f460,0x55abe9a9f4c0
0x55abe9a9f4c0 [label="a"]
