0x558282a80fc0 [label="f"]
0x558282a80fc0,0x558282a81020
0x558282a81020 [label="if"]
0x558282a81020,0x558282a810e0
0x558282a810e0 [label="=="]
0x558282a810e0,0x558282a81080
0x558282a81080 [label="a"]
0x558282a810e0,0x558282a81140
0x558282a81140 [label="2"]
0x558282a81020,0x558282a81250
0x558282a81250 [label="if"]
0x558282a81250,0x558282a81460
0x558282a81460 [label="<="]
0x558282a81460,0x558282a81310
0x558282a81310 [label="+"]
0x558282a81310,0x558282a812b0
0x558282a812b0 [label="a"]
0x558282a81310,0x558282a81370
0x558282a81370 [label="b"]
0x558282a81460,0x558282a814c0
0x558282a814c0 [label="10"]
