0x55dc58a40fc0 [label="bar"]
0x55dc58a40fc0,0x55dc58a41080
0x55dc58a41080 [label="if"]
0x55dc58a41080,0x55dc58a410e0
0x55dc58a410e0 [label="!="]
0x55dc58a410e0,0x55dc58a41020
0x55dc58a41020 [label="1"]
0x55dc58a410e0,0x55dc58a411a0
0x55dc58a411a0 [label="60"]
0x55dc58a411a0,0x55dc58a41140
0x55dc58a41140 [label="4"]
0x55dc58a411a0,0x55dc58a41200
0x55dc58a41200 [label="3"]
0x55dc58a41080,0x55dc58a413c0
0x55dc58a413c0 [label="61"]
0x55dc58a413c0,0x55dc58a41360
0x55dc58a41360 [label="var"]
0x55dc58a413c0,0x55dc58a41610
0x55dc58a41610 [label="[]"]
0x55dc58a41610,0x55dc58a41420
0x55dc58a41420 [label="varB"]
0x55dc58a41610,0x55dc58a414e0
0x55dc58a414e0 [label="94"]
0x55dc58a414e0,0x55dc58a41540
0x55dc58a41540 [label="1"]
0x55dc58a414e0,0x55dc58a41480
0x55dc58a41480 [label="1"]
0x55dc58a41080,0x55dc58a417c0
0x55dc58a417c0 [label="if"]
0x55dc58a417c0,0x55dc58a41820
0x55dc58a41820 [label="0"]
0x55dc58a417c0,0x55dc58a41880
0x55dc58a41880 [label="while"]
0x55dc58a41880,0x55dc58a41960
0x55dc58a41960 [label="||"]
0x55dc58a41960,0x55dc58a41900
0x55dc58a41900 [label="0"]
0x55dc58a41960,0x55dc58a419c0
0x55dc58a419c0 [label="33"]
0x55dc58a419c0,0x55dc58a41a80
0x55dc58a41a80 [label="60"]
0x55dc58a41a80,0x55dc58a41a20
0x55dc58a41a20 [label="4"]
0x55dc58a41a80,0x55dc58a41ae0
0x55dc58a41ae0 [label="3"]
0x55dc58a40fc0,0x55dc58a41d80
0x55dc58a41d80 [label="foo"]
0x55dc58a41d80,0x55dc58a41e40
0x55dc58a41e40 [label="<="]
0x55dc58a41e40,0x55dc58a41de0
0x55dc58a41de0 [label="va"]
0x55dc58a41e40,0x55dc58a41ea0
0x55dc58a41ea0 [label="42"]
0x55dc58a41e40,0x55dc58a41fc0
0x55dc58a41fc0 [label="<="]
0x55dc58a41fc0,0x55dc58a41f60
0x55dc58a41f60 [label="vc"]
0x55dc58a41fc0,0x55dc58a42020
0x55dc58a42020 [label="3.140000"]
0x55dc58a41fc0,0x55dc58a42150
0x55dc58a42150 [label="<="]
0x55dc58a42150,0x55dc58a420f0
0x55dc58a420f0 [label="vd"]
0x55dc58a42150,0x55dc58a421b0
0x55dc58a421b0 [label="0.000000"]
0x55dc58a42150,0x55dc58a422e0
0x55dc58a422e0 [label="<="]
0x55dc58a422e0,0x55dc58a42280
0x55dc58a42280 [label="ve"]
0x55dc58a422e0,0x55dc58a42340
0x55dc58a42340 [label="98000.000000"]
0x55dc58a41fc0,0x55dc58a42530
0x55dc58a42530 [label="61"]
0x55dc58a42530,0x55dc58a42410
0x55dc58a42410 [label="va"]
0x55dc58a42530,0x55dc58a42590
0x55dc58a42590 [label="1"]
0x55dc58a42530,0x55dc58a42650
0x55dc58a42650 [label="call bar"]
0x55dc58a42650,0x55dc58a42a70
0x55dc58a42a70 [label="61"]
0x55dc58a42a70,0x55dc58a429a0
0x55dc58a429a0 [label="[]"]
0x55dc58a429a0,0x55dc58a426b0
0x55dc58a426b0 [label="var"]
0x55dc58a429a0,0x55dc58a42770
0x55dc58a42770 [label="94"]
0x55dc58a42770,0x55dc58a42830
0x55dc58a42830 [label="42"]
0x55dc58a42830,0x55dc58a427d0
0x55dc58a427d0 [label="4"]
0x55dc58a42830,0x55dc58a42890
0x55dc58a42890 [label="2"]
0x55dc58a42770,0x55dc58a42710
0x55dc58a42710 [label="1"]
0x55dc58a42a70,0x55dc58a42d90
0x55dc58a42d90 [label="!="]
0x55dc58a42d90,0x55dc58a42b30
0x55dc58a42b30 [label="42"]
0x55dc58a42b30,0x55dc58a42ad0
0x55dc58a42ad0 [label="6"]
0x55dc58a42b30,0x55dc58a42bf0
0x55dc58a42bf0 [label="43"]
0x55dc58a42bf0,0x55dc58a42b90
0x55dc58a42b90 [label="2"]
0x55dc58a42bf0,0x55dc58a42c50
0x55dc58a42c50 [label="7"]
0x55dc58a42d90,0x55dc58a42df0
0x55dc58a42df0 [label="5"]
0x55dc58a42a70,0x55dc58a42f90
0x55dc58a42f90 [label="<="]
0x55dc58a42f90,0x55dc58a42f30
0x55dc58a42f30 [label="vg"]
0x55dc58a42f90,0x55dc58a42ff0
0x55dc58a42ff0 [label="1"]
0x55dc58a42f90,0x55dc58a43120
0x55dc58a43120 [label="<="]
0x55dc58a43120,0x55dc58a430c0
0x55dc58a430c0 [label="vi"]
0x55dc58a43120,0x55dc58a43180
0x55dc58a43180 [label="0"]
0x55dc58a42f90,0x55dc58a43300
0x55dc58a43300 [label="<="]
0x55dc58a43300,0x55dc58a432a0
0x55dc58a432a0 [label="vj"]
0x55dc58a43300,0x55dc58a43360
0x55dc58a43360 [label="a"]
0x55dc58a43300,0x55dc58a43480
0x55dc58a43480 [label="<="]
0x55dc58a43480,0x55dc58a43420
0x55dc58a43420 [label="vl"]
0x55dc58a43480,0x55dc58a434e0
0x55dc58a434e0 [label=" "]
0x55dc58a43300,0x55dc58a43600
0x55dc58a43600 [label="return"]
0x55dc58a43600,0x55dc58a43660
0x55dc58a43660 [label="0"]
0x55dc58a41d80,0x55dc58a43930
0x55dc58a43930 [label="main"]
0x55dc58a43930,0x55dc58a43990
0x55dc58a43990 [label="call foo"]
0x55dc58a43990,0x55dc58a439f0
0x55dc58a439f0 [label="0"]
0x55dc58a439f0,0x55dc58a43a50
0x55dc58a43a50 [label="1"]
