0x56385a39bfc0 [label="fa"]
0x56385a39bfc0,0x56385a39c020
0x56385a39c020 [label="fb"]
0x56385a39c020,0x56385a39c080
0x56385a39c080 [label="fc"]
0x56385a39c080,0x56385a39c0e0
0x56385a39c0e0 [label="fd"]
0x56385a39c0e0,0x56385a39c140
0x56385a39c140 [label="fa"]
0x56385a39c140,0x56385a39c200
0x56385a39c200 [label="="]
0x56385a39c200,0x56385a39c1a0
0x56385a39c1a0 [label="a"]
0x56385a39c200,0x56385a39c260
0x56385a39c260 [label="1"]
0x56385a39c200,0x56385a39c3b0
0x56385a39c3b0 [label="="]
0x56385a39c3b0,0x56385a39c350
0x56385a39c350 [label="a"]
0x56385a39c3b0,0x56385a39c410
0x56385a39c410 [label="2"]
0x56385a39c3b0,0x56385a39c540
0x56385a39c540 [label="="]
0x56385a39c540,0x56385a39c4e0
0x56385a39c4e0 [label="a"]
0x56385a39c540,0x56385a39c5a0
0x56385a39c5a0 [label="3"]
0x56385a39c540,0x56385a39c6d0
0x56385a39c6d0 [label="="]
0x56385a39c6d0,0x56385a39c670
0x56385a39c670 [label="a"]
0x56385a39c6d0,0x56385a39c730
0x56385a39c730 [label="4"]
0x56385a39c140,0x56385a39c970
0x56385a39c970 [label="g"]
0x56385a39c970,0x56385a39c9d0
0x56385a39c9d0 [label="f"]
0x56385a39c9d0,0x56385a39ca30
0x56385a39ca30 [label="call g"]
0x56385a39ca30,0x56385a39ca90
0x56385a39ca90 [label="a"]
0x56385a39ca90,0x56385a39caf0
0x56385a39caf0 [label="b"]
0x56385a39caf0,0x56385a39cb50
0x56385a39cb50 [label="c"]
0x56385a39c9d0,0x56385a39ccb0
0x56385a39ccb0 [label="f"]
0x56385a39ccb0,0x56385a39cd70
0x56385a39cd70 [label="<="]
0x56385a39cd70,0x56385a39cd10
0x56385a39cd10 [label="a"]
0x56385a39cd70,0x56385a39cdd0
0x56385a39cdd0 [label="0"]
0x56385a39ccb0,0x56385a39ceb0
0x56385a39ceb0 [label="f"]
0x56385a39ceb0,0x56385a39cf70
0x56385a39cf70 [label="="]
0x56385a39cf70,0x56385a39cf10
0x56385a39cf10 [label="a"]
0x56385a39cf70,0x56385a39cfd0
0x56385a39cfd0 [label="3"]
0x56385a39ceb0,0x56385a39d0b0
0x56385a39d0b0 [label="f"]
0x56385a39d0b0,0x56385a39d290
0x56385a39d290 [label="="]
0x56385a39d290,0x56385a39d1d0
0x56385a39d1d0 [label="[]"]
0x56385a39d1d0,0x56385a39d110
0x56385a39d110 [label="v"]
0x56385a39d1d0,0x56385a39d170
0x56385a39d170 [label="3"]
0x56385a39d290,0x56385a39d2f0
0x56385a39d2f0 [label="3"]
0x56385a39d0b0,0x56385a39d3e0
0x56385a39d3e0 [label="g"]
0x56385a39d3e0,0x56385a39d440
0x56385a39d440 [label="f"]
0x56385a39d440,0x56385a39d4a0
0x56385a39d4a0 [label="call g"]
0x56385a39d4a0,0x56385a39d560
0x56385a39d560 [label="+"]
0x56385a39d560,0x56385a39d500
0x56385a39d500 [label="a"]
0x56385a39d560,0x56385a39d5c0
0x56385a39d5c0 [label="b"]
0x56385a39d560,0x56385a39d710
0x56385a39d710 [label="+"]
0x56385a39d710,0x56385a39d6b0
0x56385a39d6b0 [label="a"]
0x56385a39d710,0x56385a39d7d0
0x56385a39d7d0 [label="*"]
0x56385a39d7d0,0x56385a39d770
0x56385a39d770 [label="b"]
0x56385a39d7d0,0x56385a39d830
0x56385a39d830 [label="c"]
0x56385a39d710,0x56385a39da90
0x56385a39da90 [label="+"]
0x56385a39da90,0x56385a39d9d0
0x56385a39d9d0 [label="+"]
0x56385a39d9d0,0x56385a39d970
0x56385a39d970 [label="b"]
0x56385a39d9d0,0x56385a39da30
0x56385a39da30 [label="c"]
0x56385a39da90,0x56385a39db60
0x56385a39db60 [label="a"]
0x56385a39d440,0x56385a39dd70
0x56385a39dd70 [label="f"]
0x56385a39dd70,0x56385a39de30
0x56385a39de30 [label="<="]
0x56385a39de30,0x56385a39ddd0
0x56385a39ddd0 [label="c"]
0x56385a39de30,0x56385a39de90
0x56385a39de90 [label="3"]
0x56385a39de30,0x56385a39dfb0
0x56385a39dfb0 [label="<="]
0x56385a39dfb0,0x56385a39df50
0x56385a39df50 [label="e"]
0x56385a39dfb0,0x56385a39e010
0x56385a39e010 [label="4"]
0x56385a39de30,0x56385a39e160
0x56385a39e160 [label="="]
0x56385a39e160,0x56385a39e100
0x56385a39e100 [label="a"]
0x56385a39e160,0x56385a39e1c0
0x56385a39e1c0 [label="3"]
0x56385a39e160,0x56385a39e280
0x56385a39e280 [label="return"]
0x56385a39e280,0x56385a39e2e0
0x56385a39e2e0 [label="10"]
0x56385a39dd70,0x56385a39e430
0x56385a39e430 [label="g"]
0x56385a39e430,0x56385a39e490
0x56385a39e490 [label="f"]
0x56385a39e490,0x56385a39e550
0x56385a39e550 [label="="]
0x56385a39e550,0x56385a39e4f0
0x56385a39e4f0 [label="a"]
0x56385a39e550,0x56385a39e5b0
0x56385a39e5b0 [label="1"]
0x56385a39e550,0x56385a39e6d0
0x56385a39e6d0 [label="="]
0x56385a39e6d0,0x56385a39e670
0x56385a39e670 [label="b"]
0x56385a39e6d0,0x56385a39e730
0x56385a39e730 [label="2"]
0x56385a39e6d0,0x56385a39e860
0x56385a39e860 [label="="]
0x56385a39e860,0x56385a39e800
0x56385a39e800 [label="c"]
0x56385a39e860,0x56385a39e8c0
0x56385a39e8c0 [label="3"]
0x56385a39e860,0x56385a39e990
0x56385a39e990 [label="call g"]
0x56385a39e990,0x56385a39e9f0
0x56385a39e9f0 [label="a"]
0x56385a39e9f0,0x56385a39ea50
0x56385a39ea50 [label="b"]
0x56385a39ea50,0x56385a39eab0
0x56385a39eab0 [label="c"]
0x56385a39e490,0x56385a39ed40
0x56385a39ed40 [label="g"]
0x56385a39ed40,0x56385a39eda0
0x56385a39eda0 [label="f"]
0x56385a39eda0,0x56385a39ee00
0x56385a39ee00 [label="f"]
0x56385a39ee00,0x56385a39eec0
0x56385a39eec0 [label="="]
0x56385a39eec0,0x56385a39ee60
0x56385a39ee60 [label="z"]
0x56385a39eec0,0x56385a39f200
0x56385a39f200 [label="/"]
0x56385a39f200,0x56385a39f0e0
0x56385a39f0e0 [label="%"]
0x56385a39f0e0,0x56385a39efe0
0x56385a39efe0 [label="*"]
0x56385a39efe0,0x56385a39ef20
0x56385a39ef20 [label="!"]
0x56385a39ef20,0x56385a39ef80
0x56385a39ef80 [label="a"]
0x56385a39efe0,0x56385a39f080
0x56385a39f080 [label="b"]
0x56385a39f0e0,0x56385a39f1a0
0x56385a39f1a0 [label="c"]
0x56385a39f200,0x56385a39f2a0
0x56385a39f2a0 [label="d"]
0x56385a39ee00,0x56385a39f3d0
0x56385a39f3d0 [label="f"]
0x56385a39f3d0,0x56385a39f490
0x56385a39f490 [label="="]
0x56385a39f490,0x56385a39f430
0x56385a39f430 [label="z"]
0x56385a39f490,0x56385a39f6d0
0x56385a39f6d0 [label="+"]
0x56385a39f6d0,0x56385a39f550
0x56385a39f550 [label="+"]
0x56385a39f550,0x56385a39f4f0
0x56385a39f4f0 [label="a"]
0x56385a39f550,0x56385a39f610
0x56385a39f610 [label="*"]
0x56385a39f610,0x56385a39f5b0
0x56385a39f5b0 [label="b"]
0x56385a39f610,0x56385a39f670
0x56385a39f670 [label="c"]
0x56385a39f6d0,0x56385a39f890
0x56385a39f890 [label="*"]
0x56385a39f890,0x56385a39f830
0x56385a39f830 [label="d"]
0x56385a39f890,0x56385a39f8f0
0x56385a39f8f0 [label="e"]
0x56385a39f3d0,0x56385a39fac0
0x56385a39fac0 [label="f"]
0x56385a39fac0,0x56385a39fb80
0x56385a39fb80 [label="="]
0x56385a39fb80,0x56385a39fb20
0x56385a39fb20 [label="z"]
0x56385a39fb80,0x56385a39ff80
0x56385a39ff80 [label=">="]
0x56385a39ff80,0x56385a39fe50
0x56385a39fe50 [label=">"]
0x56385a39fe50,0x56385a39fd00
0x56385a39fd00 [label="<"]
0x56385a39fd00,0x56385a39fc40
0x56385a39fc40 [label="<="]
0x56385a39fc40,0x56385a39fbe0
0x56385a39fbe0 [label="a"]
0x56385a39fc40,0x56385a39fca0
0x56385a39fca0 [label="b"]
0x56385a39fd00,0x56385a39fdf0
0x56385a39fdf0 [label="c"]
0x56385a39fe50,0x56385a39ff20
0x56385a39ff20 [label="d"]
0x56385a39ff80,0x56385a3a0050
0x56385a3a0050 [label="e"]
0x56385a39fac0,0x56385a3a01b0
0x56385a3a01b0 [label="f"]
0x56385a3a01b0,0x56385a3a0210
0x56385a3a0210 [label="return"]
0x56385a3a0210,0x56385a3a0270
0x56385a3a0270 [label="10"]
0x56385a3a01b0,0x56385a3a0350
0x56385a3a0350 [label="f"]
0x56385a3a0350,0x56385a3a0410
0x56385a3a0410 [label="="]
0x56385a3a0410,0x56385a3a03b0
0x56385a3a03b0 [label="z"]
0x56385a3a0410,0x56385a3a06e0
0x56385a3a06e0 [label="!="]
0x56385a3a06e0,0x56385a3a0590
0x56385a3a0590 [label="=="]
0x56385a3a0590,0x56385a3a04d0
0x56385a3a04d0 [label="<="]
0x56385a3a04d0,0x56385a3a0470
0x56385a3a0470 [label="a"]
0x56385a3a04d0,0x56385a3a0530
0x56385a3a0530 [label="b"]
0x56385a3a0590,0x56385a3a0680
0x56385a3a0680 [label="c"]
0x56385a3a06e0,0x56385a3a0810
0x56385a3a0810 [label=">"]
0x56385a3a0810,0x56385a3a07b0
0x56385a3a07b0 [label="d"]
0x56385a3a0810,0x56385a3a0870
0x56385a3a0870 [label="e"]
0x56385a3a0350,0x56385a3a0a40
0x56385a3a0a40 [label="f"]
0x56385a3a0a40,0x56385a3a0b00
0x56385a3a0b00 [label="="]
0x56385a3a0b00,0x56385a3a0aa0
0x56385a3a0aa0 [label="z"]
0x56385a3a0b00,0x56385a3a0ef0
0x56385a3a0ef0 [label="||"]
0x56385a3a0ef0,0x56385a3a0c80
0x56385a3a0c80 [label="||"]
0x56385a3a0c80,0x56385a3a0bc0
0x56385a3a0bc0 [label="&&"]
0x56385a3a0bc0,0x56385a3a0b60
0x56385a3a0b60 [label="a"]
0x56385a3a0bc0,0x56385a3a0c20
0x56385a3a0c20 [label="b"]
0x56385a3a0c80,0x56385a3a0dd0
0x56385a3a0dd0 [label="=="]
0x56385a3a0dd0,0x56385a3a0d70
0x56385a3a0d70 [label="c"]
0x56385a3a0dd0,0x56385a3a0e30
0x56385a3a0e30 [label="!"]
0x56385a3a0e30,0x56385a3a0e90
0x56385a3a0e90 [label="d"]
0x56385a3a0ef0,0x56385a3a10d0
0x56385a3a10d0 [label="&&"]
0x56385a3a10d0,0x56385a3a1070
0x56385a3a1070 [label="e"]
0x56385a3a10d0,0x56385a3a1130
0x56385a3a1130 [label="f"]
0x56385a3a0a40,0x56385a3a1300
0x56385a3a1300 [label="f"]
0x56385a3a1300,0x56385a3a1360
0x56385a3a1360 [label="if"]
0x56385a3a1360,0x56385a3a13c0
0x56385a3a13c0 [label="a"]
0x56385a3a1360,0x56385a3a1480
0x56385a3a1480 [label="="]
0x56385a3a1480,0x56385a3a1420
0x56385a3a1420 [label="a"]
0x56385a3a1480,0x56385a3a14e0
0x56385a3a14e0 [label="b"]
0x56385a3a1300,0x56385a3a1660
0x56385a3a1660 [label="f"]
0x56385a3a1660,0x56385a3a16c0
0x56385a3a16c0 [label="if"]
0x56385a3a16c0,0x56385a3a1720
0x56385a3a1720 [label="a"]
0x56385a3a16c0,0x56385a3a17e0
0x56385a3a17e0 [label="="]
0x56385a3a17e0,0x56385a3a1780
0x56385a3a1780 [label="a"]
0x56385a3a17e0,0x56385a3a1840
0x56385a3a1840 [label="b"]
0x56385a3a17e0,0x56385a3a1990
0x56385a3a1990 [label="="]
0x56385a3a1990,0x56385a3a1930
0x56385a3a1930 [label="b"]
0x56385a3a1990,0x56385a3a19f0
0x56385a3a19f0 [label="a"]
0x56385a3a1660,0x56385a3a1b90
0x56385a3a1b90 [label="f"]
0x56385a3a1b90,0x56385a3a1bf0
0x56385a3a1bf0 [label="if"]
0x56385a3a1bf0,0x56385a3a1c50
0x56385a3a1c50 [label="a"]
0x56385a3a1bf0,0x56385a3a1d10
0x56385a3a1d10 [label="="]
0x56385a3a1d10,0x56385a3a1cb0
0x56385a3a1cb0 [label="a"]
0x56385a3a1d10,0x56385a3a1d70
0x56385a3a1d70 [label="b"]
0x56385a3a1bf0,0x56385a3a1ec0
0x56385a3a1ec0 [label="="]
0x56385a3a1ec0,0x56385a3a1e60
0x56385a3a1e60 [label="a"]
0x56385a3a1ec0,0x56385a3a1f20
0x56385a3a1f20 [label="3"]
0x56385a3a1b90,0x56385a3a20f0
0x56385a3a20f0 [label="f"]
0x56385a3a20f0,0x56385a3a2150
0x56385a3a2150 [label="if"]
0x56385a3a2150,0x56385a3a21b0
0x56385a3a21b0 [label="a"]
0x56385a3a2150,0x56385a3a2270
0x56385a3a2270 [label="="]
0x56385a3a2270,0x56385a3a2210
0x56385a3a2210 [label="a"]
0x56385a3a2270,0x56385a3a22d0
0x56385a3a22d0 [label="b"]
0x56385a3a2150,0x56385a3a23f0
0x56385a3a23f0 [label="="]
0x56385a3a23f0,0x56385a3a2390
0x56385a3a2390 [label="a"]
0x56385a3a23f0,0x56385a3a2450
0x56385a3a2450 [label="3"]
0x56385a3a23f0,0x56385a3a2580
0x56385a3a2580 [label="="]
0x56385a3a2580,0x56385a3a2520
0x56385a3a2520 [label="b"]
0x56385a3a2580,0x56385a3a25e0
0x56385a3a25e0 [label="a"]
0x56385a3a20f0,0x56385a3a27f0
0x56385a3a27f0 [label="f"]
0x56385a3a27f0,0x56385a3a28b0
0x56385a3a28b0 [label="="]
0x56385a3a28b0,0x56385a3a2850
0x56385a3a2850 [label="z"]
0x56385a3a28b0,0x56385a3a2c20
0x56385a3a2c20 [label="[]"]
0x56385a3a2c20,0x56385a3a2910
0x56385a3a2910 [label="v"]
0x56385a3a2c20,0x56385a3a2a90
0x56385a3a2a90 [label="^"]
0x56385a3a2a90,0x56385a3a2b50
0x56385a3a2b50 [label="c"]
0x56385a3a2a90,0x56385a3a29d0
0x56385a3a29d0 [label="^"]
0x56385a3a29d0,0x56385a3a2a30
0x56385a3a2a30 [label="b"]
0x56385a3a29d0,0x56385a3a2970
0x56385a3a2970 [label="a"]
0x56385a3a27f0,0x56385a3a2d80
0x56385a3a2d80 [label="f"]
0x56385a3a2d80,0x56385a3a2de0
0x56385a3a2de0 [label="while"]
0x56385a3a2de0,0x56385a3a2e40
0x56385a3a2e40 [label="i"]
0x56385a3a2de0,0x56385a3a2f00
0x56385a3a2f00 [label="="]
0x56385a3a2f00,0x56385a3a2ea0
0x56385a3a2ea0 [label="i"]
0x56385a3a2f00,0x56385a3a2f60
0x56385a3a2f60 [label="2"]
0x56385a3a2d80,0x56385a3a30e0
0x56385a3a30e0 [label="f"]
0x56385a3a30e0,0x56385a3a3140
0x56385a3a3140 [label="if"]
0x56385a3a3140,0x56385a3a31a0
0x56385a3a31a0 [label="a"]
0x56385a3a3140,0x56385a3a3260
0x56385a3a3260 [label="="]
0x56385a3a3260,0x56385a3a3200
0x56385a3a3200 [label="a"]
0x56385a3a3260,0x56385a3a32c0
0x56385a3a32c0 [label="b"]
0x56385a3a3260,0x56385a3a3410
0x56385a3a3410 [label="="]
0x56385a3a3410,0x56385a3a33b0
0x56385a3a33b0 [label="b"]
0x56385a3a3410,0x56385a3a3470
0x56385a3a3470 [label="a"]
0x56385a3a3140,0x56385a3a3650
0x56385a3a3650 [label="="]
0x56385a3a3650,0x56385a3a35f0
0x56385a3a35f0 [label="c"]
0x56385a3a3650,0x56385a3a36b0
0x56385a3a36b0 [label="2"]
0x56385a3a3650,0x56385a3a37e0
0x56385a3a37e0 [label="="]
0x56385a3a37e0,0x56385a3a3780
0x56385a3a3780 [label="c"]
0x56385a3a37e0,0x56385a3a3840
0x56385a3a3840 [label="4"]
0x56385a3a30e0,0x56385a3a3a10
0x56385a3a3a10 [label="f"]
0x56385a3a3a10,0x56385a3a3a70
0x56385a3a3a70 [label="if"]
0x56385a3a3a70,0x56385a3a3ad0
0x56385a3a3ad0 [label="a"]
0x56385a3a3a70,0x56385a3a3b90
0x56385a3a3b90 [label="="]
0x56385a3a3b90,0x56385a3a3b30
0x56385a3a3b30 [label="a"]
0x56385a3a3b90,0x56385a3a3bf0
0x56385a3a3bf0 [label="b"]
0x56385a3a3b90,0x56385a3a3d10
0x56385a3a3d10 [label="="]
0x56385a3a3d10,0x56385a3a3cb0
0x56385a3a3cb0 [label="b"]
0x56385a3a3d10,0x56385a3a3d70
0x56385a3a3d70 [label="a"]
0x56385a3a3a10,0x56385a3a3ee0
0x56385a3a3ee0 [label="f"]
0x56385a3a3ee0,0x56385a3a3f40
0x56385a3a3f40 [label="if"]
0x56385a3a3f40,0x56385a3a3fa0
0x56385a3a3fa0 [label="a"]
0x56385a3a3f40,0x56385a3a4060
0x56385a3a4060 [label="="]
0x56385a3a4060,0x56385a3a4000
0x56385a3a4000 [label="a"]
0x56385a3a4060,0x56385a3a40c0
0x56385a3a40c0 [label="b"]
0x56385a3a3f40,0x56385a3a4210
0x56385a3a4210 [label="="]
0x56385a3a4210,0x56385a3a41b0
0x56385a3a41b0 [label="a"]
0x56385a3a4210,0x56385a3a4270
0x56385a3a4270 [label="3"]
0x56385a3a3f40,0x56385a3a4460
0x56385a3a4460 [label="="]
0x56385a3a4460,0x56385a3a4400
0x56385a3a4400 [label="c"]
0x56385a3a4460,0x56385a3a44c0
0x56385a3a44c0 [label="4"]
0x56385a3a4460,0x56385a3a45e0
0x56385a3a45e0 [label="="]
0x56385a3a45e0,0x56385a3a4580
0x56385a3a4580 [label="c"]
0x56385a3a45e0,0x56385a3a4640
0x56385a3a4640 [label="5"]
0x56385a3a3ee0,0x56385a3a47c0
0x56385a3a47c0 [label="f"]
0x56385a3a47c0,0x56385a3a4880
0x56385a3a4880 [label="="]
0x56385a3a4880,0x56385a3a4820
0x56385a3a4820 [label="z"]
0x56385a3a4880,0x56385a3a50b0
0x56385a3a50b0 [label="[]"]
0x56385a3a50b0,0x56385a3a48e0
0x56385a3a48e0 [label="v"]
0x56385a3a50b0,0x56385a3a4d00
0x56385a3a4d00 [label="^"]
0x56385a3a4d00,0x56385a3a4f10
0x56385a3a4f10 [label="*"]
0x56385a3a4f10,0x56385a3a4eb0
0x56385a3a4eb0 [label="c"]
0x56385a3a4f10,0x56385a3a4f70
0x56385a3a4f70 [label="d"]
0x56385a3a4d00,0x56385a3a4a60
0x56385a3a4a60 [label="^"]
0x56385a3a4a60,0x56385a3a4b80
0x56385a3a4b80 [label="+"]
0x56385a3a4b80,0x56385a3a4b20
0x56385a3a4b20 [label="b"]
0x56385a3a4b80,0x56385a3a4c40
0x56385a3a4c40 [label="*"]
0x56385a3a4c40,0x56385a3a4be0
0x56385a3a4be0 [label="bb"]
0x56385a3a4c40,0x56385a3a4ca0
0x56385a3a4ca0 [label="bbb"]
0x56385a3a4a60,0x56385a3a49a0
0x56385a3a49a0 [label="+"]
0x56385a3a49a0,0x56385a3a4940
0x56385a3a4940 [label="a"]
0x56385a3a49a0,0x56385a3a4a00
0x56385a3a4a00 [label="aa"]
0x56385a3a47c0,0x56385a3a5210
0x56385a3a5210 [label="f"]
0x56385a3a5210,0x56385a3a5270
0x56385a3a5270 [label="while"]
0x56385a3a5270,0x56385a3a52d0
0x56385a3a52d0 [label="i"]
0x56385a3a5270,0x56385a3a5390
0x56385a3a5390 [label="="]
0x56385a3a5390,0x56385a3a5330
0x56385a3a5330 [label="i"]
0x56385a3a5390,0x56385a3a53f0
0x56385a3a53f0 [label="2"]
0x56385a3a5270,0x56385a3a55b0
0x56385a3a55b0 [label="="]
0x56385a3a55b0,0x56385a3a5550
0x56385a3a5550 [label="i"]
0x56385a3a55b0,0x56385a3a5610
0x56385a3a5610 [label="3"]
0x56385a3a55b0,0x56385a3a5740
0x56385a3a5740 [label="="]
0x56385a3a5740,0x56385a3a56e0
0x56385a3a56e0 [label="i"]
0x56385a3a5740,0x56385a3a57a0
0x56385a3a57a0 [label="4"]
0x56385a3a5210,0x56385a3a5970
0x56385a3a5970 [label="f"]
0x56385a3a5970,0x56385a3a5a30
0x56385a3a5a30 [label="="]
0x56385a3a5a30,0x56385a3a59d0
0x56385a3a59d0 [label="a"]
0x56385a3a5a30,0x56385a3a5a90
0x56385a3a5a90 [label="2"]
0x56385a3a5970,0x56385a3a5b70
0x56385a3a5b70 [label="f"]
0x56385a3a5b70,0x56385a3a5bd0
0x56385a3a5bd0 [label="f"]
0x56385a3a5bd0,0x56385a3a6010
0x56385a3a6010 [label="="]
0x56385a3a6010,0x56385a3a5f40
0x56385a3a5f40 [label="[]"]
0x56385a3a5f40,0x56385a3a5c30
0x56385a3a5c30 [label="v"]
0x56385a3a5f40,0x56385a3a5db0
0x56385a3a5db0 [label="^"]
0x56385a3a5db0,0x56385a3a5e70
0x56385a3a5e70 [label="c"]
0x56385a3a5db0,0x56385a3a5cf0
0x56385a3a5cf0 [label="^"]
0x56385a3a5cf0,0x56385a3a5d50
0x56385a3a5d50 [label="b"]
0x56385a3a5cf0,0x56385a3a5c90
0x56385a3a5c90 [label="a"]
0x56385a3a6010,0x56385a3a6070
0x56385a3a6070 [label="z"]
0x56385a3a5bd0,0x56385a3a6160
0x56385a3a6160 [label="f"]
0x56385a3a6160,0x56385a3a6220
0x56385a3a6220 [label="="]
0x56385a3a6220,0x56385a3a61c0
0x56385a3a61c0 [label="a"]
0x56385a3a6220,0x56385a3a6280
0x56385a3a6280 [label="-"]
0x56385a3a6280,0x56385a3a62e0
0x56385a3a62e0 [label="b"]
0x56385a3a6160,0x56385a3a6430
0x56385a3a6430 [label="f"]
0x56385a3a6430,0x56385a3a64f0
0x56385a3a64f0 [label="="]
0x56385a3a64f0,0x56385a3a6490
0x56385a3a6490 [label="a"]
0x56385a3a64f0,0x56385a3a65b0
0x56385a3a65b0 [label="+"]
0x56385a3a65b0,0x56385a3a6550
0x56385a3a6550 [label="b"]
0x56385a3a65b0,0x56385a3a6610
0x56385a3a6610 [label="c"]
0x56385a3a6430,0x56385a3a6790
0x56385a3a6790 [label="f"]
0x56385a3a6790,0x56385a3a6850
0x56385a3a6850 [label="="]
0x56385a3a6850,0x56385a3a67f0
0x56385a3a67f0 [label="a"]
0x56385a3a6850,0x56385a3a6970
0x56385a3a6970 [label="[]"]
0x56385a3a6970,0x56385a3a68b0
0x56385a3a68b0 [label="v"]
0x56385a3a6970,0x56385a3a6910
0x56385a3a6910 [label="9"]
0x56385a3a6790,0x56385a3a6af0
0x56385a3a6af0 [label="f"]
0x56385a3a6af0,0x56385a3a6d00
0x56385a3a6d00 [label="="]
0x56385a3a6d00,0x56385a3a6c10
0x56385a3a6c10 [label="[]"]
0x56385a3a6c10,0x56385a3a6b50
0x56385a3a6b50 [label="v"]
0x56385a3a6c10,0x56385a3a6bb0
0x56385a3a6bb0 [label="8"]
0x56385a3a6d00,0x56385a3a6d60
0x56385a3a6d60 [label="a"]
0x56385a3a6af0,0x56385a3a6e50
0x56385a3a6e50 [label="f"]
0x56385a3a6e50,0x56385a3a6f10
0x56385a3a6f10 [label="="]
0x56385a3a6f10,0x56385a3a6eb0
0x56385a3a6eb0 [label="a"]
0x56385a3a6f10,0x56385a3a7090
0x56385a3a7090 [label="+"]
0x56385a3a7090,0x56385a3a6fd0
0x56385a3a6fd0 [label="+"]
0x56385a3a6fd0,0x56385a3a6f70
0x56385a3a6f70 [label="b"]
0x56385a3a6fd0,0x56385a3a7030
0x56385a3a7030 [label="c"]
0x56385a3a7090,0x56385a3a7180
0x56385a3a7180 [label="d"]
0x56385a3a6e50,0x56385a3a72e0
0x56385a3a72e0 [label="f"]
0x56385a3a72e0,0x56385a3a73a0
0x56385a3a73a0 [label="="]
0x56385a3a73a0,0x56385a3a7340
0x56385a3a7340 [label="a"]
0x56385a3a73a0,0x56385a3a7520
0x56385a3a7520 [label="*"]
0x56385a3a7520,0x56385a3a7460
0x56385a3a7460 [label="*"]
0x56385a3a7460,0x56385a3a7400
0x56385a3a7400 [label="b"]
0x56385a3a7460,0x56385a3a74c0
0x56385a3a74c0 [label="c"]
0x56385a3a7520,0x56385a3a7610
0x56385a3a7610 [label="d"]
0x56385a3a72e0,0x56385a3a7770
0x56385a3a7770 [label="f"]
0x56385a3a7770,0x56385a3a7830
0x56385a3a7830 [label="="]
0x56385a3a7830,0x56385a3a77d0
0x56385a3a77d0 [label="a"]
0x56385a3a7830,0x56385a3a78f0
0x56385a3a78f0 [label="+"]
0x56385a3a78f0,0x56385a3a7890
0x56385a3a7890 [label="b"]
0x56385a3a78f0,0x56385a3a79b0
0x56385a3a79b0 [label="*"]
0x56385a3a79b0,0x56385a3a7950
0x56385a3a7950 [label="c"]
0x56385a3a79b0,0x56385a3a7a10
0x56385a3a7a10 [label="d"]
0x56385a3a7770,0x56385a3a7c00
0x56385a3a7c00 [label="f"]
0x56385a3a7c00,0x56385a3a7cc0
0x56385a3a7cc0 [label="="]
0x56385a3a7cc0,0x56385a3a7c60
0x56385a3a7c60 [label="a"]
0x56385a3a7cc0,0x56385a3a7e40
0x56385a3a7e40 [label="+"]
0x56385a3a7e40,0x56385a3a7d80
0x56385a3a7d80 [label="*"]
0x56385a3a7d80,0x56385a3a7d20
0x56385a3a7d20 [label="b"]
0x56385a3a7d80,0x56385a3a7de0
0x56385a3a7de0 [label="c"]
0x56385a3a7e40,0x56385a3a7f30
0x56385a3a7f30 [label="d"]
0x56385a3a7c00,0x56385a3a8090
0x56385a3a8090 [label="f"]
0x56385a3a8090,0x56385a3a8150
0x56385a3a8150 [label="="]
0x56385a3a8150,0x56385a3a80f0
0x56385a3a80f0 [label="a"]
0x56385a3a8150,0x56385a3a84e0
0x56385a3a84e0 [label="-"]
0x56385a3a84e0,0x56385a3a8210
0x56385a3a8210 [label="+"]
0x56385a3a8210,0x56385a3a81b0
0x56385a3a81b0 [label="b"]
0x56385a3a8210,0x56385a3a8390
0x56385a3a8390 [label="/"]
0x56385a3a8390,0x56385a3a82d0
0x56385a3a82d0 [label="*"]
0x56385a3a82d0,0x56385a3a8270
0x56385a3a8270 [label="c"]
0x56385a3a82d0,0x56385a3a8330
0x56385a3a8330 [label="d"]
0x56385a3a8390,0x56385a3a8480
0x56385a3a8480 [label="e"]
0x56385a3a84e0,0x56385a3a8620
0x56385a3a8620 [label="f"]
0x56385a3a8090,0x56385a3a8780
0x56385a3a8780 [label="f"]
0x56385a3a8780,0x56385a3a8840
0x56385a3a8840 [label="="]
0x56385a3a8840,0x56385a3a87e0
0x56385a3a87e0 [label="a"]
0x56385a3a8840,0x56385a3a88a0
0x56385a3a88a0 [label="!"]
0x56385a3a88a0,0x56385a3a8900
0x56385a3a8900 [label="b"]
0x56385a3a8780,0x56385a3a8a50
0x56385a3a8a50 [label="f"]
0x56385a3a8a50,0x56385a3a8b10
0x56385a3a8b10 [label="="]
0x56385a3a8b10,0x56385a3a8ab0
0x56385a3a8ab0 [label="z"]
0x56385a3a8b10,0x56385a3a8eb0
0x56385a3a8eb0 [label="[]"]
0x56385a3a8eb0,0x56385a3a8b70
0x56385a3a8b70 [label="v"]
0x56385a3a8eb0,0x56385a3a8cf0
0x56385a3a8cf0 [label="^"]
0x56385a3a8cf0,0x56385a3a8de0
0x56385a3a8de0 [label="c"]
0x56385a3a8cf0,0x56385a3a8c30
0x56385a3a8c30 [label="^"]
0x56385a3a8c30,0x56385a3a8c90
0x56385a3a8c90 [label="b"]
0x56385a3a8c30,0x56385a3a8bd0
0x56385a3a8bd0 [label="a"]
0x56385a3a8a50,0x56385a3a9010
0x56385a3a9010 [label="f"]
0x56385a3a9010,0x56385a3a90d0
0x56385a3a90d0 [label="="]
0x56385a3a90d0,0x56385a3a9070
0x56385a3a9070 [label="a"]
0x56385a3a90d0,0x56385a3a9130
0x56385a3a9130 [label="b"]
0x56385a3a90d0,0x56385a3a9280
0x56385a3a9280 [label="="]
0x56385a3a9280,0x56385a3a9220
0x56385a3a9220 [label="c"]
0x56385a3a9280,0x56385a3a92e0
0x56385a3a92e0 [label="d"]
0x56385a3a9280,0x56385a3a93b0
0x56385a3a93b0 [label="return"]
0x56385a3a93b0,0x56385a3a9410
0x56385a3a9410 [label="a"]
0x56385a3a9010,0x56385a3a95b0
0x56385a3a95b0 [label="f"]
0x56385a3a95b0,0x56385a3a9670
0x56385a3a9670 [label="="]
0x56385a3a9670,0x56385a3a9610
0x56385a3a9610 [label="a"]
0x56385a3a9670,0x56385a3a9730
0x56385a3a9730 [label="%"]
0x56385a3a9730,0x56385a3a96d0
0x56385a3a96d0 [label="b"]
0x56385a3a9730,0x56385a3a9790
0x56385a3a9790 [label="c"]
0x56385a3a95b0,0x56385a3a98b0
0x56385a3a98b0 [label="f"]
0x56385a3a98b0,0x56385a3a9970
0x56385a3a9970 [label="="]
0x56385a3a9970,0x56385a3a9910
0x56385a3a9910 [label="a"]
0x56385a3a9970,0x56385a3a9a30
0x56385a3a9a30 [label="&&"]
0x56385a3a9a30,0x56385a3a99d0
0x56385a3a99d0 [label="b"]
0x56385a3a9a30,0x56385a3a9a90
0x56385a3a9a90 [label="c"]
0x56385a3a98b0,0x56385a3a9c10
0x56385a3a9c10 [label="f"]
0x56385a3a9c10,0x56385a3a9cd0
0x56385a3a9cd0 [label="="]
0x56385a3a9cd0,0x56385a3a9c70
0x56385a3a9c70 [label="a"]
0x56385a3a9cd0,0x56385a3a9d90
0x56385a3a9d90 [label="||"]
0x56385a3a9d90,0x56385a3a9d30
0x56385a3a9d30 [label="b"]
0x56385a3a9d90,0x56385a3a9df0
0x56385a3a9df0 [label="c"]
0x56385a3a9c10,0x56385a3a9f70
0x56385a3a9f70 [label="f"]
0x56385a3a9f70,0x56385a3aa030
0x56385a3aa030 [label="="]
0x56385a3aa030,0x56385a3a9fd0
0x56385a3a9fd0 [label="a"]
0x56385a3aa030,0x56385a3aa0f0
0x56385a3aa0f0 [label="=="]
0x56385a3aa0f0,0x56385a3aa090
0x56385a3aa090 [label="b"]
0x56385a3aa0f0,0x56385a3aa150
0x56385a3aa150 [label="c"]
0x56385a3a9f70,0x56385a3aa2d0
0x56385a3aa2d0 [label="f"]
0x56385a3aa2d0,0x56385a3aa390
0x56385a3aa390 [label="="]
0x56385a3aa390,0x56385a3aa330
0x56385a3aa330 [label="a"]
0x56385a3aa390,0x56385a3aa450
0x56385a3aa450 [label="!="]
0x56385a3aa450,0x56385a3aa3f0
0x56385a3aa3f0 [label="b"]
0x56385a3aa450,0x56385a3aa4b0
0x56385a3aa4b0 [label="c"]
0x56385a3aa2d0,0x56385a3aa630
0x56385a3aa630 [label="f"]
0x56385a3aa630,0x56385a3aa6f0
0x56385a3aa6f0 [label="="]
0x56385a3aa6f0,0x56385a3aa690
0x56385a3aa690 [label="a"]
0x56385a3aa6f0,0x56385a3aa7b0
0x56385a3aa7b0 [label="<"]
0x56385a3aa7b0,0x56385a3aa750
0x56385a3aa750 [label="b"]
0x56385a3aa7b0,0x56385a3aa810
0x56385a3aa810 [label="c"]
0x56385a3aa630,0x56385a3aa990
0x56385a3aa990 [label="f"]
0x56385a3aa990,0x56385a3aaa50
0x56385a3aaa50 [label="="]
0x56385a3aaa50,0x56385a3aa9f0
0x56385a3aa9f0 [label="a"]
0x56385a3aaa50,0x56385a3aab10
0x56385a3aab10 [label=">"]
0x56385a3aab10,0x56385a3aaab0
0x56385a3aaab0 [label="b"]
0x56385a3aab10,0x56385a3aab70
0x56385a3aab70 [label="c"]
0x56385a3aa990,0x56385a3aacf0
0x56385a3aacf0 [label="f"]
0x56385a3aacf0,0x56385a3aadb0
0x56385a3aadb0 [label="="]
0x56385a3aadb0,0x56385a3aad50
0x56385a3aad50 [label="a"]
0x56385a3aadb0,0x56385a3aae70
0x56385a3aae70 [label=">="]
0x56385a3aae70,0x56385a3aae10
0x56385a3aae10 [label="b"]
0x56385a3aae70,0x56385a3aaed0
0x56385a3aaed0 [label="c"]
0x56385a3aacf0,0x56385a3ab050
0x56385a3ab050 [label="f"]
0x56385a3ab050,0x56385a3ab110
0x56385a3ab110 [label="="]
0x56385a3ab110,0x56385a3ab0b0
0x56385a3ab0b0 [label="a"]
0x56385a3ab110,0x56385a3ab1d0
0x56385a3ab1d0 [label="<="]
0x56385a3ab1d0,0x56385a3ab170
0x56385a3ab170 [label="b"]
0x56385a3ab1d0,0x56385a3ab230
0x56385a3ab230 [label="c"]
0x56385a3ab050,0x56385a3ab3b0
0x56385a3ab3b0 [label="f"]
0x56385a3ab3b0,0x56385a3ab470
0x56385a3ab470 [label="="]
0x56385a3ab470,0x56385a3ab410
0x56385a3ab410 [label="a"]
0x56385a3ab470,0x56385a3ab680
0x56385a3ab680 [label="*"]
0x56385a3ab680,0x56385a3ab530
0x56385a3ab530 [label="+"]
0x56385a3ab530,0x56385a3ab4d0
0x56385a3ab4d0 [label="b"]
0x56385a3ab530,0x56385a3ab590
0x56385a3ab590 [label="c"]
0x56385a3ab680,0x56385a3ab6e0
0x56385a3ab6e0 [label="d"]
0x56385a3ab3b0,0x56385a3ab840
0x56385a3ab840 [label="f"]
0x56385a3ab840,0x56385a3ab900
0x56385a3ab900 [label="="]
0x56385a3ab900,0x56385a3ab8a0
0x56385a3ab8a0 [label="a"]
0x56385a3ab900,0x56385a3ab9c0
0x56385a3ab9c0 [label="*"]
0x56385a3ab9c0,0x56385a3ab960
0x56385a3ab960 [label="b"]
0x56385a3ab9c0,0x56385a3aba80
0x56385a3aba80 [label="*"]
0x56385a3aba80,0x56385a3aba20
0x56385a3aba20 [label="c"]
0x56385a3aba80,0x56385a3abae0
0x56385a3abae0 [label="d"]
0x56385a3ab840,0x56385a3abcd0
0x56385a3abcd0 [label="f"]
0x56385a3abcd0,0x56385a3abd90
0x56385a3abd90 [label="<="]
0x56385a3abd90,0x56385a3abd30
0x56385a3abd30 [label="a"]
0x56385a3abd90,0x56385a3abdf0
0x56385a3abdf0 [label="A"]
0x56385a3abcd0,0x56385a3abf00
0x56385a3abf00 [label="f"]
0x56385a3abf00,0x56385a3abfc0
0x56385a3abfc0 [label="="]
0x56385a3abfc0,0x56385a3abf60
0x56385a3abf60 [label="x"]
0x56385a3abfc0,0x56385a3ac080
0x56385a3ac080 [label="-"]
0x56385a3ac080,0x56385a3ac020
0x56385a3ac020 [label="a"]
0x56385a3ac080,0x56385a3ac140
0x56385a3ac140 [label="*"]
0x56385a3ac140,0x56385a3ac0e0
0x56385a3ac0e0 [label="b"]
0x56385a3ac140,0x56385a3ac1a0
0x56385a3ac1a0 [label="c"]
0x56385a3abfc0,0x56385a3ac3d0
0x56385a3ac3d0 [label="="]
0x56385a3ac3d0,0x56385a3ac370
0x56385a3ac370 [label="y"]
0x56385a3ac3d0,0x56385a3ac550
0x56385a3ac550 [label="+"]
0x56385a3ac550,0x56385a3ac490
0x56385a3ac490 [label="/"]
0x56385a3ac490,0x56385a3ac430
0x56385a3ac430 [label="d"]
0x56385a3ac490,0x56385a3ac4f0
0x56385a3ac4f0 [label="e"]
0x56385a3ac550,0x56385a3ac620
0x56385a3ac620 [label="f"]
0x56385a3ac3d0,0x56385a3ac7c0
0x56385a3ac7c0 [label="="]
0x56385a3ac7c0,0x56385a3ac760
0x56385a3ac760 [label="z"]
0x56385a3ac7c0,0x56385a3ac9b0
0x56385a3ac9b0 [label="/"]
0x56385a3ac9b0,0x56385a3ac880
0x56385a3ac880 [label="-"]
0x56385a3ac880,0x56385a3ac820
0x56385a3ac820 [label="g"]
0x56385a3ac880,0x56385a3ac8e0
0x56385a3ac8e0 [label="h"]
0x56385a3ac9b0,0x56385a3aca10
0x56385a3aca10 [label="i"]
0x56385a3ac7c0,0x56385a3acbb0
0x56385a3acbb0 [label="="]
0x56385a3acbb0,0x56385a3acb50
0x56385a3acb50 [label="w"]
0x56385a3acbb0,0x56385a3acc70
0x56385a3acc70 [label="*"]
0x56385a3acc70,0x56385a3acc10
0x56385a3acc10 [label="j"]
0x56385a3acc70,0x56385a3acd30
0x56385a3acd30 [label="+"]
0x56385a3acd30,0x56385a3accd0
0x56385a3accd0 [label="k"]
0x56385a3acd30,0x56385a3acd90
0x56385a3acd90 [label="l"]
0x56385a3abf00,0x56385a3ad0b0
0x56385a3ad0b0 [label="f"]
0x56385a3ad0b0,0x56385a3ad170
0x56385a3ad170 [label="="]
0x56385a3ad170,0x56385a3ad110
0x56385a3ad110 [label="x"]
0x56385a3ad170,0x56385a3ad510
0x56385a3ad510 [label="-"]
0x56385a3ad510,0x56385a3ad410
0x56385a3ad410 [label="-"]
0x56385a3ad410,0x56385a3ad2f0
0x56385a3ad2f0 [label="+"]
0x56385a3ad2f0,0x56385a3ad230
0x56385a3ad230 [label="+"]
0x56385a3ad230,0x56385a3ad1d0
0x56385a3ad1d0 [label="a"]
0x56385a3ad230,0x56385a3ad290
0x56385a3ad290 [label="b"]
0x56385a3ad2f0,0x56385a3ad3b0
0x56385a3ad3b0 [label="c"]
0x56385a3ad410,0x56385a3ad4b0
0x56385a3ad4b0 [label="d"]
0x56385a3ad510,0x56385a3ad5b0
0x56385a3ad5b0 [label="e"]
0x56385a3ad170,0x56385a3ad750
0x56385a3ad750 [label="="]
0x56385a3ad750,0x56385a3ad6f0
0x56385a3ad6f0 [label="y"]
0x56385a3ad750,0x56385a3adb30
0x56385a3adb30 [label="/"]
0x56385a3adb30,0x56385a3ada00
0x56385a3ada00 [label="/"]
0x56385a3ada00,0x56385a3ad8d0
0x56385a3ad8d0 [label="*"]
0x56385a3ad8d0,0x56385a3ad810
0x56385a3ad810 [label="*"]
0x56385a3ad810,0x56385a3ad7b0
0x56385a3ad7b0 [label="f"]
0x56385a3ad810,0x56385a3ad870
0x56385a3ad870 [label="g"]
0x56385a3ad8d0,0x56385a3ad9a0
0x56385a3ad9a0 [label="h"]
0x56385a3ada00,0x56385a3adad0
0x56385a3adad0 [label="i"]
0x56385a3adb30,0x56385a3adc00
0x56385a3adc00 [label="j"]
0x56385a3ad750,0x56385a3adda0
0x56385a3adda0 [label="="]
0x56385a3adda0,0x56385a3add40
0x56385a3add40 [label="z"]
0x56385a3adda0,0x56385a3ae180
0x56385a3ae180 [label="+"]
0x56385a3ae180,0x56385a3ae050
0x56385a3ae050 [label="+"]
0x56385a3ae050,0x56385a3adf20
0x56385a3adf20 [label="*"]
0x56385a3adf20,0x56385a3ade60
0x56385a3ade60 [label="*"]
0x56385a3ade60,0x56385a3ade00
0x56385a3ade00 [label="k"]
0x56385a3ade60,0x56385a3adec0
0x56385a3adec0 [label="l"]
0x56385a3adf20,0x56385a3adff0
0x56385a3adff0 [label="m"]
0x56385a3ae050,0x56385a3ae120
0x56385a3ae120 [label="n"]
0x56385a3ae180,0x56385a3ae250
0x56385a3ae250 [label="o"]
0x56385a3ad0b0,0x56385a3ae490
0x56385a3ae490 [label="f"]
0x56385a3ae490,0x56385a3ae550
0x56385a3ae550 [label="="]
0x56385a3ae550,0x56385a3ae4f0
0x56385a3ae4f0 [label="x"]
0x56385a3ae550,0x56385a3ae610
0x56385a3ae610 [label="+"]
0x56385a3ae610,0x56385a3ae5b0
0x56385a3ae5b0 [label="a"]
0x56385a3ae610,0x56385a3ae6d0
0x56385a3ae6d0 [label="*"]
0x56385a3ae6d0,0x56385a3ae670
0x56385a3ae670 [label="b"]
0x56385a3ae6d0,0x56385a3ae730
0x56385a3ae730 [label="c"]
0x56385a3ae550,0x56385a3ae900
0x56385a3ae900 [label="="]
0x56385a3ae900,0x56385a3ae8a0
0x56385a3ae8a0 [label="y"]
0x56385a3ae900,0x56385a3aea80
0x56385a3aea80 [label="-"]
0x56385a3aea80,0x56385a3ae9c0
0x56385a3ae9c0 [label="/"]
0x56385a3ae9c0,0x56385a3ae960
0x56385a3ae960 [label="d"]
0x56385a3ae9c0,0x56385a3aea20
0x56385a3aea20 [label="e"]
0x56385a3aea80,0x56385a3aeb50
0x56385a3aeb50 [label="f"]
0x56385a3ae900,0x56385a3aecf0
0x56385a3aecf0 [label="="]
0x56385a3aecf0,0x56385a3aec90
0x56385a3aec90 [label="z"]
0x56385a3aecf0,0x56385a3aeee0
0x56385a3aeee0 [label="*"]
0x56385a3aeee0,0x56385a3aedb0
0x56385a3aedb0 [label="+"]
0x56385a3aedb0,0x56385a3aed50
0x56385a3aed50 [label="g"]
0x56385a3aedb0,0x56385a3aee10
0x56385a3aee10 [label="h"]
0x56385a3aeee0,0x56385a3aef40
0x56385a3aef40 [label="i"]
0x56385a3aecf0,0x56385a3af0e0
0x56385a3af0e0 [label="="]
0x56385a3af0e0,0x56385a3af080
0x56385a3af080 [label="w"]
0x56385a3af0e0,0x56385a3af1a0
0x56385a3af1a0 [label="/"]
0x56385a3af1a0,0x56385a3af140
0x56385a3af140 [label="j"]
0x56385a3af1a0,0x56385a3af260
0x56385a3af260 [label="-"]
0x56385a3af260,0x56385a3af200
0x56385a3af200 [label="k"]
0x56385a3af260,0x56385a3af2c0
0x56385a3af2c0 [label="l"]
0x56385a3ae490,0x56385a3af5e0
0x56385a3af5e0 [label="k"]
0x56385a3af5e0,0x56385a3af640
0x56385a3af640 [label="f"]
0x56385a3af640,0x56385a3af6a0
0x56385a3af6a0 [label="call k"]
0x56385a3af6a0,0x56385a3af760
0x56385a3af760 [label="+"]
0x56385a3af760,0x56385a3af700
0x56385a3af700 [label="10"]
0x56385a3af760,0x56385a3af7c0
0x56385a3af7c0 [label="11"]
0x56385a3af760,0x56385a3af8e0
0x56385a3af8e0 [label="+"]
0x56385a3af8e0,0x56385a3af880
0x56385a3af880 [label="20"]
0x56385a3af8e0,0x56385a3af940
0x56385a3af940 [label="21"]
0x56385a3af8e0,0x56385a3afa40
0x56385a3afa40 [label="+"]
0x56385a3afa40,0x56385a3af9e0
0x56385a3af9e0 [label="30"]
0x56385a3afa40,0x56385a3afaa0
0x56385a3afaa0 [label="31"]
0x56385a3af640,0x56385a3afc80
0x56385a3afc80 [label="f"]
0x56385a3afc80,0x56385a3afce0
0x56385a3afce0 [label="f"]
0x56385a3afce0,0x56385a3afda0
0x56385a3afda0 [label="<="]
0x56385a3afda0,0x56385a3afd40
0x56385a3afd40 [label="b"]
0x56385a3afda0,0x56385a3afe00
0x56385a3afe00 [label="10"]
0x56385a3afda0,0x56385a3aff20
0x56385a3aff20 [label="<="]
0x56385a3aff20,0x56385a3afec0
0x56385a3afec0 [label="a"]
0x56385a3aff20,0x56385a3aff80
0x56385a3aff80 [label="30"]
0x56385a3afce0,0x56385a3b00b0
0x56385a3b00b0 [label="f"]
0x56385a3b00b0,0x56385a3b0170
0x56385a3b0170 [label="="]
0x56385a3b0170,0x56385a3b0110
0x56385a3b0110 [label="c"]
0x56385a3b0170,0x56385a3b01d0
0x56385a3b01d0 [label="2"]
0x56385a3b0170,0x56385a3b0550
0x56385a3b0550 [label="="]
0x56385a3b0550,0x56385a3b0480
0x56385a3b0480 [label="[]"]
0x56385a3b0480,0x56385a3b0290
0x56385a3b0290 [label="a"]
0x56385a3b0480,0x56385a3b0350
0x56385a3b0350 [label="+"]
0x56385a3b0350,0x56385a3b02f0
0x56385a3b02f0 [label="c"]
0x56385a3b0350,0x56385a3b03b0
0x56385a3b03b0 [label="c"]
0x56385a3b0550,0x56385a3b05b0
0x56385a3b05b0 [label="2"]
0x56385a3b00b0,0x56385a3b0710
0x56385a3b0710 [label="f"]
0x56385a3b0710,0x56385a3b07d0
0x56385a3b07d0 [label="="]
0x56385a3b07d0,0x56385a3b0770
0x56385a3b0770 [label="a"]
0x56385a3b07d0,0x56385a3b0950
0x56385a3b0950 [label="+"]
0x56385a3b0950,0x56385a3b0890
0x56385a3b0890 [label="*"]
0x56385a3b0890,0x56385a3b0830
0x56385a3b0830 [label="2"]
0x56385a3b0890,0x56385a3b08f0
0x56385a3b08f0 [label="c"]
0x56385a3b0950,0x56385a3b0a70
0x56385a3b0a70 [label="/"]
0x56385a3b0a70,0x56385a3b0a10
0x56385a3b0a10 [label="a"]
0x56385a3b0a70,0x56385a3b0ad0
0x56385a3b0ad0 [label="b"]
0x56385a3b0710,0x56385a3b0ca0
0x56385a3b0ca0 [label="f"]
0x56385a3b0ca0,0x56385a3b0eb0
0x56385a3b0eb0 [label="="]
0x56385a3b0eb0,0x56385a3b0dc0
0x56385a3b0dc0 [label="[]"]
0x56385a3b0dc0,0x56385a3b0d00
0x56385a3b0d00 [label="c"]
0x56385a3b0dc0,0x56385a3b0d60
0x56385a3b0d60 [label="5"]
0x56385a3b0eb0,0x56385a3b1230
0x56385a3b1230 [label="[]"]
0x56385a3b1230,0x56385a3b0f10
0x56385a3b0f10 [label="a"]
0x56385a3b1230,0x56385a3b1090
0x56385a3b1090 [label="+"]
0x56385a3b1090,0x56385a3b0fd0
0x56385a3b0fd0 [label="*"]
0x56385a3b0fd0,0x56385a3b0f70
0x56385a3b0f70 [label="2"]
0x56385a3b0fd0,0x56385a3b1030
0x56385a3b1030 [label="c"]
0x56385a3b1090,0x56385a3b1160
0x56385a3b1160 [label="k"]
0x56385a3b0ca0,0x56385a3b1390
0x56385a3b1390 [label="f"]
0x56385a3b1390,0x56385a3b15a0
0x56385a3b15a0 [label="="]
0x56385a3b15a0,0x56385a3b14b0
0x56385a3b14b0 [label="[]"]
0x56385a3b14b0,0x56385a3b13f0
0x56385a3b13f0 [label="c"]
0x56385a3b14b0,0x56385a3b1450
0x56385a3b1450 [label="5"]
0x56385a3b15a0,0x56385a3b1830
0x56385a3b1830 [label="+"]
0x56385a3b1830,0x56385a3b1660
0x56385a3b1660 [label="*"]
0x56385a3b1660,0x56385a3b1600
0x56385a3b1600 [label="3"]
0x56385a3b1660,0x56385a3b16c0
0x56385a3b16c0 [label="call f"]
0x56385a3b16c0,0x56385a3b1720
0x56385a3b1720 [label="a"]
0x56385a3b1830,0x56385a3b1890
0x56385a3b1890 [label="a"]
0x56385a3b1390,0x56385a3b19f0
0x56385a3b19f0 [label="f"]
0x56385a3b19f0,0x56385a3b1a50
0x56385a3b1a50 [label="if"]
0x56385a3b1a50,0x56385a3b1b10
0x56385a3b1b10 [label="=="]
0x56385a3b1b10,0x56385a3b1ab0
0x56385a3b1ab0 [label="a"]
0x56385a3b1b10,0x56385a3b1b70
0x56385a3b1b70 [label="2"]
0x56385a3b1a50,0x56385a3b1c80
0x56385a3b1c80 [label="if"]
0x56385a3b1c80,0x56385a3b1e90
0x56385a3b1e90 [label="<="]
0x56385a3b1e90,0x56385a3b1d40
0x56385a3b1d40 [label="+"]
0x56385a3b1d40,0x56385a3b1ce0
0x56385a3b1ce0 [label="a"]
0x56385a3b1d40,0x56385a3b1da0
0x56385a3b1da0 [label="b"]
0x56385a3b1e90,0x56385a3b1ef0
0x56385a3b1ef0 [label="10"]
0x56385a3b19f0,0x56385a3b2050
0x56385a3b2050 [label="fa"]
0x56385a3b2050,0x56385a3b20b0
0x56385a3b20b0 [label="f"]
0x56385a3b20b0,0x56385a3b2110
0x56385a3b2110 [label="if"]
0x56385a3b2110,0x56385a3b2290
0x56385a3b2290 [label="<="]
0x56385a3b2290,0x56385a3b21d0
0x56385a3b21d0 [label="+"]
0x56385a3b21d0,0x56385a3b2170
0x56385a3b2170 [label="a"]
0x56385a3b21d0,0x56385a3b2230
0x56385a3b2230 [label="b"]
0x56385a3b2290,0x56385a3b2380
0x56385a3b2380 [label="10"]
0x56385a3b20b0,0x56385a3b24b0
0x56385a3b24b0 [label="f"]
0x56385a3b24b0,0x56385a3b2510
0x56385a3b2510 [label="if"]
0x56385a3b2510,0x56385a3b2750
0x56385a3b2750 [label="<="]
0x56385a3b2750,0x56385a3b25d0
0x56385a3b25d0 [label="+"]
0x56385a3b25d0,0x56385a3b2570
0x56385a3b2570 [label="a"]
0x56385a3b25d0,0x56385a3b2690
0x56385a3b2690 [label="*"]
0x56385a3b2690,0x56385a3b2630
0x56385a3b2630 [label="b"]
0x56385a3b2690,0x56385a3b26f0
0x56385a3b26f0 [label="c"]
0x56385a3b2750,0x56385a3b28b0
0x56385a3b28b0 [label="10"]
